2024-08-19 21:07:39,504 - INFO - Scheduler daemon started
2024-08-19 21:07:39,506 - INFO - Adding job tentatively -- it will be properly scheduled when the scheduler starts
2024-08-19 21:07:39,506 - INFO - Adding job tentatively -- it will be properly scheduled when the scheduler starts
2024-08-19 21:07:39,506 - INFO - Added job "monitoring" to job store "default"
2024-08-19 21:07:39,506 - INFO - Added job "report" to job store "default"
2024-08-19 21:07:39,507 - INFO - Scheduler started
2024-08-19 21:09:07,647 - INFO - Scheduler daemon started
2024-08-19 21:09:07,649 - INFO - Adding job tentatively -- it will be properly scheduled when the scheduler starts
2024-08-19 21:09:07,649 - INFO - Adding job tentatively -- it will be properly scheduled when the scheduler starts
2024-08-19 21:09:07,650 - INFO - Added job "monitoring" to job store "default"
2024-08-19 21:09:07,650 - INFO - Added job "report" to job store "default"
2024-08-19 21:09:07,650 - INFO - Scheduler started
2024-08-19 21:10:15,956 - INFO - Task 2 Scheduler daemon started
2024-08-19 21:10:15,958 - INFO - Adding job tentatively -- it will be properly scheduled when the scheduler starts
2024-08-19 21:10:15,958 - INFO - Added job "backup" to job store "default"
2024-08-19 21:10:15,958 - INFO - Scheduler started
2024-08-19 21:23:35,689 - INFO - Task 2 Scheduler daemon started
2024-08-19 21:23:35,691 - INFO - Adding job tentatively -- it will be properly scheduled when the scheduler starts
2024-08-19 21:23:35,692 - INFO - Added job "backup" to job store "default"
2024-08-19 21:23:35,692 - INFO - Scheduler started
2024-08-19 21:24:16,762 - INFO - Task 2 Scheduler daemon started
2024-08-19 21:24:16,764 - INFO - Adding job tentatively -- it will be properly scheduled when the scheduler starts
2024-08-19 21:24:16,764 - INFO - Added job "backup" to job store "default"
2024-08-19 21:24:16,764 - INFO - Scheduler started
2024-08-19 21:25:00,003 - INFO - Running job "backup (trigger: interval[0:01:00], next run at: 2024-08-19 21:25:00 IDT)" (scheduled at 2024-08-19 21:25:00+03:00)
2024-08-19 21:25:00,004 - INFO - Running the backup scheduled task
2024-08-19 21:25:00,004 - INFO - Start Backup directory: /home/jenin/Desktop/ASAL
2024-08-19 21:25:00,008 - INFO - Backup created: /home/jenin/Desktop/python/Backup/ALLBackups/ASAL_backup_2024-08-19_21-25-00
2024-08-19 21:25:00,019 - INFO - Compressed backup created: /home/jenin/Desktop/python/Backup/compressed_BackUps/ASAL_backup_2024-08-19_21-25-00.tar.gz
2024-08-19 21:25:00,019 - INFO - Done Backup directory: /home/jenin/Desktop/ASAL
2024-08-19 21:25:00,020 - INFO - Job "backup (trigger: interval[0:01:00], next run at: 2024-08-19 21:26:00 IDT)" executed successfully
